生成启动时间为 2018/10/24 17:34:38。
     1>项目“C:\Users\wanji\Desktop\test\importpython\importpython\importpython.vcxproj”在节点 2 上(build 个目标)。
     1>PrepareForBuild:
         正在创建目录“C:\Users\wanji\Desktop\test\importpython\Release\”。
       InitializeBuildStatus:
         正在创建“Release\importpython.unsuccessfulbuild”，因为已指定“AlwaysCreate”。
       ClCompile:
         d:\VS2010\VC\bin\CL.exe /c /ID:\Anaconda3\include /Zi /nologo /W3 /WX- /O2 /Oi /Oy- /GL /D WIN32 /D NDEBUG /D _CONSOLE /D _UNICODE /D UNICODE /Gm- /EHsc /MD /GS /Gy /fp:precise /Zc:wchar_t /Zc:forScope /Fo"Release\\" /Fd"Release\vc100.pdb" /Gd /TP /analyze- /errorReport:prompt stdafx.cpp test.cpp
         stdafx.cpp
         test.cpp
       Link:
         d:\VS2010\VC\bin\link.exe /ERRORREPORT:PROMPT /OUT:"C:\Users\wanji\Desktop\test\importpython\Release\importpython.exe" /INCREMENTAL:NO /NOLOGO /LIBPATH:D:\Anaconda3\libs kernel32.lib user32.lib gdi32.lib winspool.lib comdlg32.lib advapi32.lib shell32.lib ole32.lib oleaut32.lib uuid.lib odbc32.lib odbccp32.lib /MANIFEST /ManifestFile:"Release\importpython.exe.intermediate.manifest" /MANIFESTUAC:"level='asInvoker' uiAccess='false'" /DEBUG /PDB:"C:\Users\wanji\Desktop\test\importpython\Release\importpython.pdb" /SUBSYSTEM:CONSOLE /OPT:REF /OPT:ICF /LTCG /TLBID:1 /DYNAMICBASE /NXCOMPAT /IMPLIB:"C:\Users\wanji\Desktop\test\importpython\Release\importpython.lib" /MACHINE:X86 Release\stdafx.obj
         Release\test.obj
     1>test.obj : error LNK2001: 无法解析的外部符号 __imp__Py_Initialize
     1>test.obj : error LNK2001: 无法解析的外部符号 __imp__PyRun_SimpleStringFlags
     1>test.obj : error LNK2001: 无法解析的外部符号 __imp__Py_Finalize
     1>C:\Users\wanji\Desktop\test\importpython\Release\importpython.exe : fatal error LNK1120: 3 个无法解析的外部命令
     1>已完成生成项目“C:\Users\wanji\Desktop\test\importpython\importpython\importpython.vcxproj”(build 个目标)的操作 - 失败。

生成失败。

已用时间 00:00:01.74
